2861
3398
4370
5145
8336
8337
8338
8339
8340
8341
8342
8343
8344
8345
8346
8347
8348
8349
8350
8353
8354
12540
12572
12623
12666
12671
12748
12753
12760
12764
12766
12781
12804
12807
12820
12823
12829
12833
12859
12861
12867
12881
12883
12888
12890
12910
12921
12923
12947
13011
13280
16998
17206
17207
17208
17209
17210
17211
17212
17213
17214
17215
17216
17217
17218
17219
17220
17221
17222
17223
17224
17225
17226
17227
17228
17229
19708
22010
22787
22788
22789
22790
22791
22792
22793
22794
22795
22796
22797
22798
22799
22800
22804
22805
22806
